<?xml version="1.0" encoding="UTF-8"?>
<!-- Generated by org.testng.reporters.JUnitXMLReporter -->
<testsuite ignored="0" hostname="BLRSFLT130" failures="0" tests="3" name="Default test" time="76.615" errors="0" timestamp="28 May 2024 10:52:54 GMT">
  <testcase classname="org.bajaj.MCDnT" name="Login" time="5.224"/>
  <testcase classname="org.bajaj.MCDnT" name="Login2" time="21.479"/>
  <testcase classname="org.bajaj.MCDnT" name="createPcodeorSymptom" time="27.54"/>
</testsuite> <!-- Default test -->
