<?xml version="1.0" encoding="UTF-8"?>
<!-- Generated by org.testng.reporters.JUnitXMLReporter -->
<testsuite ignored="0" hostname="BLRSFLT130" failures="1" tests="6" name="Test" time="712.644" errors="0" timestamp="20 May 2024 05:30:18 GMT">
  <testcase classname="org.bajaj.MCDnT" name="Login" time="5.233"/>
  <testcase classname="org.bajaj.MCDnT" name="Login2" time="19.46"/>
  <testcase classname="org.bajaj.MCDnT" name="createPcodeorSymptom" time="25.315"/>
  <testcase classname="org.bajaj.VariantMapping" name="mapping" time="37.896"/>
  <testcase classname="org.bajaj.FlowDetails" name="flow" time="604.454"/>
  <testcase classname="org.bajaj.Preview" name="preview" time="4.117">
    <failure type="java.lang.NullPointerException">
      <![CDATA[java.lang.NullPointerException
at org.bajaj.Preview.preview(Preview.java:37)
... Removed 25 stack frames]]>
    </failure>
  </testcase> <!-- preview -->
</testsuite> <!-- Test -->
