<?xml version="1.0" encoding="UTF-8"?>
<testng-results ignored="0" total="3" passed="3" failed="0" skipped="0">
  <reporter-output>
  </reporter-output>
  <suite started-at="2024-05-28T10:51:37Z" name="Default suite" finished-at="2024-05-28T10:52:54Z" duration-ms="76615">
    <groups>
    </groups>
    <test started-at="2024-05-28T10:51:37Z" name="Default test" finished-at="2024-05-28T10:52:54Z" duration-ms="76615">
      <class name="org.bajaj.MCDnT">
        <test-method is-config="true" signature="setup()[pri:0, instance:org.bajaj.MCDnT@488d1cd7]" started-at="2024-05-28T10:51:37Z" name="setup" finished-at="2024-05-28T10:51:59Z" duration-ms="22297" status="PASS">
          <reporter-output>
          </reporter-output>
        </test-method> <!-- setup -->
        <test-method signature="Login()[pri:1, instance:org.bajaj.MCDnT@488d1cd7]" started-at="2024-05-28T10:51:59Z" name="Login" finished-at="2024-05-28T10:52:05Z" duration-ms="5224" status="PASS">
          <reporter-output>
          </reporter-output>
        </test-method> <!-- Login -->
        <test-method signature="Login2()[pri:2, instance:org.bajaj.MCDnT@488d1cd7]" started-at="2024-05-28T10:52:05Z" name="Login2" finished-at="2024-05-28T10:52:26Z" duration-ms="21479" status="PASS">
          <reporter-output>
          </reporter-output>
        </test-method> <!-- Login2 -->
        <test-method signature="createPcodeorSymptom()[pri:3, instance:org.bajaj.MCDnT@488d1cd7]" started-at="2024-05-28T10:52:26Z" name="createPcodeorSymptom" finished-at="2024-05-28T10:52:54Z" duration-ms="27540" status="PASS">
          <reporter-output>
          </reporter-output>
        </test-method> <!-- createPcodeorSymptom -->
      </class> <!-- org.bajaj.MCDnT -->
    </test> <!-- Default test -->
  </suite> <!-- Default suite -->
</testng-results>
